Thu Nov 07 20:44:57 CET 2019 : Apache Derby Network Server - 10.14.2.0 - (1828579) started and ready to accept connections on port 1527
----------------------------------------------------------------
Thu Nov 07 20:45:07 CET 2019:
Booting Derby version The Apache Software Foundation - Apache Derby - 10.14.2.0 - (1828579): instance a816c00e-016e-4766-0038-00000f282128 
on database directory C:\db with class loader jdk.internal.loader.ClassLoaders$AppClassLoader@5ef04b5 
Loaded from file:/C:/opt/db-derby-10.14.2.0-bin/lib/derby.jar
java.vendor=Oracle Corporation
java.runtime.version=10.0.2+13
user.dir=C:\Users\Lorenz\Desktop\stuff\schule1920\sew\ShoeStoreEE\db
os.name=Windows 10
os.arch=amd64
os.version=10.0
derby.system.home=null
Database Class Loader started - derby.database.classpath=''
----------------------------------------------------------------
Thu Nov 07 20:48:39 CET 2019:
Booting Derby version The Apache Software Foundation - Apache Derby - 10.14.2.0 - (1828579): instance 71b840bf-016e-4766-0038-00000f282128 
on database directory C:\Users\Lorenz\Desktop\stuff\schule1920\sew\ShoeStoreEE\db\db with class loader jdk.internal.loader.ClassLoaders$AppClassLoader@5ef04b5 
Loaded from file:/C:/opt/db-derby-10.14.2.0-bin/lib/derby.jar
java.vendor=Oracle Corporation
java.runtime.version=10.0.2+13
user.dir=C:\Users\Lorenz\Desktop\stuff\schule1920\sew\ShoeStoreEE\db
os.name=Windows 10
os.arch=amd64
os.version=10.0
derby.system.home=null
Database Class Loader started - derby.database.classpath=''
